  [1m[36mUser Load (1.9ms)[0m  [1m[34mSELECT "users".* FROM "users"[0m
Started GET "/" for 127.0.0.1 at 2017-08-26 20:12:58 -0700

ActiveRecord::PendingMigrationError - Migrations are pending. To resolve this issue, run:

        bin/rails db:migrate RAILS_ENV=development

:
  activerecord (5.1.3) lib/active_record/migration.rb:576:in `check_pending!'
  activerecord (5.1.3) lib/active_record/migration.rb:553:in `call'
  actionpack (5.1.3) lib/action_dispatch/middleware/callbacks.rb:26:in `block in call'
  activesupport (5.1.3) lib/active_support/callbacks.rb:97:in `run_callbacks'
  actionpack (5.1.3) lib/action_dispatch/middleware/callbacks.rb:24:in `call'
  actionpack (5.1.3) lib/action_dispatch/middleware/executor.rb:12:in `call'
  better_errors (2.3.0) lib/better_errors/middleware.rb:84:in `protected_app_call'
  better_errors (2.3.0) lib/better_errors/middleware.rb:79:in `better_errors_call'
  better_errors (2.3.0) lib/better_errors/middleware.rb:57:in `call'
  actionpack (5.1.3) lib/action_dispatch/middleware/debug_exceptions.rb:59:in `call'
  web-console (3.5.1) lib/web_console/middleware.rb:135:in `call_app'
  web-console (3.5.1) lib/web_console/middleware.rb:28:in `block in call'
  web-console (3.5.1) lib/web_console/middleware.rb:18:in `call'
  actionpack (5.1.3) lib/action_dispatch/middleware/show_exceptions.rb:31:in `call'
  railties (5.1.3) lib/rails/rack/logger.rb:36:in `call_app'
  railties (5.1.3) lib/rails/rack/logger.rb:24:in `block in call'
  activesupport (5.1.3) lib/active_support/tagged_logging.rb:69:in `block in tagged'
  activesupport (5.1.3) lib/active_support/tagged_logging.rb:26:in `tagged'
  activesupport (5.1.3) lib/active_support/tagged_logging.rb:69:in `tagged'
  railties (5.1.3) lib/rails/rack/logger.rb:24:in `call'
  sprockets-rails (3.2.0) lib/sprockets/rails/quiet_assets.rb:13:in `call'
  actionpack (5.1.3) lib/action_dispatch/middleware/remote_ip.rb:79:in `call'
  actionpack (5.1.3) lib/action_dispatch/middleware/request_id.rb:25:in `call'
  rack (2.0.3) lib/rack/method_override.rb:22:in `call'
  rack (2.0.3) lib/rack/runtime.rb:22:in `call'
  activesupport (5.1.3) lib/active_support/cache/strategy/local_cache_middleware.rb:27:in `call'
  actionpack (5.1.3) lib/action_dispatch/middleware/executor.rb:12:in `call'
  actionpack (5.1.3) lib/action_dispatch/middleware/static.rb:125:in `call'
  rack (2.0.3) lib/rack/sendfile.rb:111:in `call'
  railties (5.1.3) lib/rails/engine.rb:522:in `call'
  puma (3.10.0) lib/puma/configuration.rb:225:in `call'
  puma (3.10.0) lib/puma/server.rb:605:in `handle_request'
  puma (3.10.0) lib/puma/server.rb:437:in `process_client'
  puma (3.10.0) lib/puma/server.rb:301:in `block in run'
  puma (3.10.0) lib/puma/thread_pool.rb:120:in `block in spawn_thread'

Started POST "/__better_errors/ba22289f9521b0aa/variables" for 127.0.0.1 at 2017-08-26 20:12:59 -0700
  [1m[35m (53.1ms)[0m  [1m[35mCREATE TABLE "schema_migrations" ("version" character varying NOT NULL PRIMARY KEY)[0m
  [1m[35m (6.9ms)[0m  [1m[35mCREATE TABLE "ar_internal_metadata" ("key" character varying NOT NULL PRIMARY KEY, "value" character varying, "created_at" timestamp NOT NULL, "updated_at" timestamp NOT NULL)[0m
  [1m[35m (2.9ms)[0m  [1m[34mSELECT pg_try_advisory_lock(3279022546750154715)[0m
  [1m[35m (1.6ms)[0m  [1m[34mSELECT "schema_migrations"."version" FROM "schema_migrations" ORDER BY "schema_migrations"."version" ASC[0m
Migrating to CreateUsers (20170825171355)
  [1m[35m (0.3ms)[0m  [1m[35mBEGIN[0m
  [1m[35m (14.3ms)[0m  [1m[35mCREATE TABLE "users" ("id" bigserial primary key, "email" character varying NOT NULL, "password_digest" character varying NOT NULL, "session_token" character varying NOT NULL, "created_at" timestamp NOT NULL, "updated_at" timestamp NOT NULL)[0m
  [1m[35m (3.7ms)[0m  [1m[35mCREATE UNIQUE INDEX  "index_users_on_email" ON "users"  ("email")[0m
  [1m[35m (1.8ms)[0m  [1m[35mCREATE  INDEX  "index_users_on_session_token" ON "users"  ("session_token")[0m
  [1m[35mSQL (0.6ms)[0m  [1m[32mINSERT INTO "schema_migrations" ("version") VALUES ($1) RETURNING "version"[0m  [["version", "20170825171355"]]
  [1m[35m (0.9ms)[0m  [1m[35mCOMMIT[0m
Migrating to CreateBands (20170825214031)
  [1m[35m (0.5ms)[0m  [1m[35mBEGIN[0m
  [1m[35m (6.2ms)[0m  [1m[35mCREATE TABLE "bands" ("id" bigserial primary key, "name" character varying NOT NULL, "created_at" timestamp NOT NULL, "updated_at" timestamp NOT NULL)[0m
  [1m[35m (1.5ms)[0m  [1m[35mCREATE  INDEX  "index_bands_on_name" ON "bands"  ("name")[0m
  [1m[35mSQL (0.4ms)[0m  [1m[32mINSERT INTO "schema_migrations" ("version") VALUES ($1) RETURNING "version"[0m  [["version", "20170825214031"]]
  [1m[35m (0.5ms)[0m  [1m[35mCOMMIT[0m
Migrating to CreateAlbums (20170825222242)
  [1m[35m (0.4ms)[0m  [1m[35mBEGIN[0m
  [1m[35m (4.9ms)[0m  [1m[35mCREATE TABLE "albums" ("id" bigserial primary key, "title" character varying NOT NULL, "year" integer, "band_id" integer NOT NULL, "genre" character varying, "created_at" timestamp NOT NULL, "updated_at" timestamp NOT NULL)[0m
  [1m[35mSQL (0.4ms)[0m  [1m[32mINSERT INTO "schema_migrations" ("version") VALUES ($1) RETURNING "version"[0m  [["version", "20170825222242"]]
  [1m[35m (0.5ms)[0m  [1m[35mCOMMIT[0m
Migrating to CreateNotes (20170826000755)
  [1m[35m (0.4ms)[0m  [1m[35mBEGIN[0m
  [1m[35m (5.9ms)[0m  [1m[35mCREATE TABLE "notes" ("id" bigserial primary key, "body" text NOT NULL, "album_id" integer NOT NULL, "user_id" integer NOT NULL, "created_at" timestamp NOT NULL, "updated_at" timestamp NOT NULL)[0m
  [1m[35mSQL (0.4ms)[0m  [1m[32mINSERT INTO "schema_migrations" ("version") VALUES ($1) RETURNING "version"[0m  [["version", "20170826000755"]]
  [1m[35m (0.5ms)[0m  [1m[35mCOMMIT[0m
  [1m[36mActiveRecord::InternalMetadata Load (0.6ms)[0m  [1m[34mSELECT  "ar_internal_metadata".* FROM "ar_internal_metadata" WHERE "ar_internal_metadata"."key" = $1 LIMIT $2[0m  [["key", "environment"], ["LIMIT", 1]]
  [1m[35m (0.7ms)[0m  [1m[35mBEGIN[0m
  [1m[35mSQL (2.2ms)[0m  [1m[32mINSERT INTO "ar_internal_metadata" ("key", "value", "created_at", "updated_at") VALUES ($1, $2, $3, $4) RETURNING "key"[0m  [["key", "environment"], ["value", "development"], ["created_at", "2017-08-27 03:13:27.257025"], ["updated_at", "2017-08-27 03:13:27.257025"]]
  [1m[35m (0.5ms)[0m  [1m[35mCOMMIT[0m
  [1m[35m (0.4ms)[0m  [1m[34mSELECT pg_advisory_unlock(3279022546750154715)[0m
  [1m[35m (0.5ms)[0m  [1m[34mSELECT "schema_migrations"."version" FROM "schema_migrations" ORDER BY "schema_migrations"."version" ASC[0m
Started GET "/" for 127.0.0.1 at 2017-08-26 20:13:35 -0700
  [1m[35m (1.0ms)[0m  [1m[34mSELECT "schema_migrations"."version" FROM "schema_migrations" ORDER BY "schema_migrations"."version" ASC[0m
Processing by SessionsController#new as HTML
  Rendering sessions/new.html.erb within layouts/application
  Rendered shared/_errors.html.erb (8.4ms)
  Rendered sessions/new.html.erb within layouts/application (14.4ms)
  [1m[36mUser Load (2.5ms)[0m  [1m[34mSELECT  "users".* FROM "users" WHERE "users"."session_token" IS NULL LIMIT $1[0m  [["LIMIT", 1]]
  [1m[36mUser Load (0.4ms)[0m  [1m[34mSELECT  "users".* FROM "users" WHERE "users"."session_token" IS NULL LIMIT $1[0m  [["LIMIT", 1]]
Completed 200 OK in 46ms (Views: 38.0ms | ActiveRecord: 7.4ms)


Started GET "/" for 127.0.0.1 at 2017-08-26 20:13:39 -0700
Processing by SessionsController#new as HTML
  Rendering sessions/new.html.erb within layouts/application
  Rendered shared/_errors.html.erb (0.7ms)
  Rendered sessions/new.html.erb within layouts/application (2.9ms)
  [1m[36mUser Load (1.0ms)[0m  [1m[34mSELECT  "users".* FROM "users" WHERE "users"."session_token" IS NULL LIMIT $1[0m  [["LIMIT", 1]]
  [1m[36mCACHE User Load (0.0ms)[0m  [1m[34mSELECT  "users".* FROM "users" WHERE "users"."session_token" IS NULL LIMIT $1[0m  [["LIMIT", 1]]
Completed 200 OK in 30ms (Views: 18.4ms | ActiveRecord: 11.7ms)


Started GET "/users/new" for 127.0.0.1 at 2017-08-26 20:15:53 -0700
Processing by UsersController#new as HTML
  Rendering users/new.html.erb within layouts/application
  Rendered shared/_errors.html.erb (1.3ms)
  Rendered users/new.html.erb within layouts/application (4.8ms)
  [1m[36mUser Load (0.7ms)[0m  [1m[34mSELECT  "users".* FROM "users" WHERE "users"."session_token" IS NULL LIMIT $1[0m  [["LIMIT", 1]]
  [1m[36mCACHE User Load (0.0ms)[0m  [1m[34mSELECT  "users".* FROM "users" WHERE "users"."session_token" IS NULL LIMIT $1[0m  [["LIMIT", 1]]
Completed 200 OK in 21ms (Views: 19.9ms | ActiveRecord: 0.7ms)


Started GET "/new_user" for 127.0.0.1 at 2017-08-26 20:16:52 -0700
  
ActionController::RoutingError (No route matches [GET] "/new_user"):
  
actionpack (5.1.3) lib/action_dispatch/middleware/debug_exceptions.rb:63:in `call'
web-console (3.5.1) lib/web_console/middleware.rb:135:in `call_app'
web-console (3.5.1) lib/web_console/middleware.rb:28:in `block in call'
web-console (3.5.1) lib/web_console/middleware.rb:18:in `catch'
web-console (3.5.1) lib/web_console/middleware.rb:18:in `call'
actionpack (5.1.3) lib/action_dispatch/middleware/show_exceptions.rb:31:in `call'
railties (5.1.3) lib/rails/rack/logger.rb:36:in `call_app'
railties (5.1.3) lib/rails/rack/logger.rb:24:in `block in call'
activesupport (5.1.3) lib/active_support/tagged_logging.rb:69:in `block in tagged'
activesupport (5.1.3) lib/active_support/tagged_logging.rb:26:in `tagged'
activesupport (5.1.3) lib/active_support/tagged_logging.rb:69:in `tagged'
railties (5.1.3) lib/rails/rack/logger.rb:24:in `call'
sprockets-rails (3.2.0) lib/sprockets/rails/quiet_assets.rb:13:in `call'
actionpack (5.1.3) lib/action_dispatch/middleware/remote_ip.rb:79:in `call'
actionpack (5.1.3) lib/action_dispatch/middleware/request_id.rb:25:in `call'
rack (2.0.3) lib/rack/method_override.rb:22:in `call'
rack (2.0.3) lib/rack/runtime.rb:22:in `call'
activesupport (5.1.3) lib/active_support/cache/strategy/local_cache_middleware.rb:27:in `call'
actionpack (5.1.3) lib/action_dispatch/middleware/executor.rb:12:in `call'
actionpack (5.1.3) lib/action_dispatch/middleware/static.rb:125:in `call'
rack (2.0.3) lib/rack/sendfile.rb:111:in `call'
railties (5.1.3) lib/rails/engine.rb:522:in `call'
puma (3.10.0) lib/puma/configuration.rb:225:in `call'
puma (3.10.0) lib/puma/server.rb:605:in `handle_request'
puma (3.10.0) lib/puma/server.rb:437:in `process_client'
puma (3.10.0) lib/puma/server.rb:301:in `block in run'
puma (3.10.0) lib/puma/thread_pool.rb:120:in `block in spawn_thread'
Started GET "/users/new" for 127.0.0.1 at 2017-08-26 20:16:58 -0700
Processing by UsersController#new as HTML
  Rendering users/new.html.erb within layouts/application
  Rendered shared/_errors.html.erb (0.8ms)
  Rendered users/new.html.erb within layouts/application (3.3ms)
  [1m[36mUser Load (0.6ms)[0m  [1m[34mSELECT  "users".* FROM "users" WHERE "users"."session_token" IS NULL LIMIT $1[0m  [["LIMIT", 1]]
  [1m[36mCACHE User Load (0.0ms)[0m  [1m[34mSELECT  "users".* FROM "users" WHERE "users"."session_token" IS NULL LIMIT $1[0m  [["LIMIT", 1]]
Completed 200 OK in 12ms (Views: 10.9ms | ActiveRecord: 0.6ms)


Started GET "/users" for 127.0.0.1 at 2017-08-26 20:23:45 -0700
  
ActionController::RoutingError (No route matches [GET] "/users"):
  
actionpack (5.1.3) lib/action_dispatch/middleware/debug_exceptions.rb:63:in `call'
web-console (3.5.1) lib/web_console/middleware.rb:135:in `call_app'
web-console (3.5.1) lib/web_console/middleware.rb:28:in `block in call'
web-console (3.5.1) lib/web_console/middleware.rb:18:in `catch'
web-console (3.5.1) lib/web_console/middleware.rb:18:in `call'
actionpack (5.1.3) lib/action_dispatch/middleware/show_exceptions.rb:31:in `call'
railties (5.1.3) lib/rails/rack/logger.rb:36:in `call_app'
railties (5.1.3) lib/rails/rack/logger.rb:24:in `block in call'
activesupport (5.1.3) lib/active_support/tagged_logging.rb:69:in `block in tagged'
activesupport (5.1.3) lib/active_support/tagged_logging.rb:26:in `tagged'
activesupport (5.1.3) lib/active_support/tagged_logging.rb:69:in `tagged'
railties (5.1.3) lib/rails/rack/logger.rb:24:in `call'
sprockets-rails (3.2.0) lib/sprockets/rails/quiet_assets.rb:13:in `call'
actionpack (5.1.3) lib/action_dispatch/middleware/remote_ip.rb:79:in `call'
actionpack (5.1.3) lib/action_dispatch/middleware/request_id.rb:25:in `call'
rack (2.0.3) lib/rack/method_override.rb:22:in `call'
rack (2.0.3) lib/rack/runtime.rb:22:in `call'
activesupport (5.1.3) lib/active_support/cache/strategy/local_cache_middleware.rb:27:in `call'
actionpack (5.1.3) lib/action_dispatch/middleware/executor.rb:12:in `call'
actionpack (5.1.3) lib/action_dispatch/middleware/static.rb:125:in `call'
rack (2.0.3) lib/rack/sendfile.rb:111:in `call'
railties (5.1.3) lib/rails/engine.rb:522:in `call'
puma (3.10.0) lib/puma/configuration.rb:225:in `call'
puma (3.10.0) lib/puma/server.rb:605:in `handle_request'
puma (3.10.0) lib/puma/server.rb:437:in `process_client'
puma (3.10.0) lib/puma/server.rb:301:in `block in run'
puma (3.10.0) lib/puma/thread_pool.rb:120:in `block in spawn_thread'
